<?xml version="1.0" encoding="UTF-8"?>
<testng-results skipped="0" failed="0" total="2" passed="2">
  <reporter-output>
  </reporter-output>
  <suite name="HK_21Nov" duration-ms="16120" started-at="2020-11-22T05:51:06Z" finished-at="2020-11-22T05:51:22Z">
    <groups>
    </groups>
    <test name="NG_BrowserCheck" duration-ms="16120" started-at="2020-11-22T05:51:06Z" finished-at="2020-11-22T05:51:22Z">
      <class name="mod5.BrowserTest">
        <test-method status="PASS" signature="beforeTest(java.lang.String)[pri:0, instance:mod5.BrowserTest@ea4a92b]" name="beforeTest" duration-ms="10301" started-at="2020-11-22T00:51:06Z" finished-at="2020-11-22T00:51:16Z">
          <params>
            <param index="0">
              <value>
                <![CDATA[IE]]>
              </value>
            </param>
          </params>
          <reporter-output>
          </reporter-output>
        </test-method> <!-- beforeTest -->
        <test-method status="PASS" signature="openURL()[pri:1, instance:mod5.BrowserTest@ea4a92b]" name="openURL" duration-ms="5697" started-at="2020-11-22T00:51:16Z" finished-at="2020-11-22T00:51:22Z">
          <reporter-output>
          </reporter-output>
        </test-method> <!-- openURL -->
      </class> <!-- mod5.BrowserTest -->
    </test> <!-- NG_BrowserCheck -->
  </suite> <!-- HK_21Nov -->
</testng-results>
